<testsuites id="" name="" tests="26" failures="0" skipped="0" errors="0" time="1.629853">
<testsuite name="api.site.spec.js" timestamp="2026-08-11T07:52:40.475Z" hostname="api" tests="15" failures="0" skipped="0" time="0.067" errors="0">
<testcase name="@QAIA-US-SITE-001-001 @AC5 &quot;/&quot; is served" classname="api.site.spec.js" time="0.013">
</testcase>
<testcase name="@QAIA-US-SITE-001-001 @AC5 &quot;/compare.html&quot; is served" classname="api.site.spec.js" time="0.003">
</testcase>
<testcase name="@QAIA-US-SITE-001-001 @AC5 &quot;/walkthrough.html&quot; is served" classname="api.site.spec.js" time="0.003">
</testcase>
<testcase name="@QAIA-US-SITE-001-001 @AC5 &quot;/demo/&quot; is served" classname="api.site.spec.js" time="0.005">
</testcase>
<testcase name="@QAIA-US-SITE-001-001 @AC5 &quot;/llms.txt&quot; is served" classname="api.site.spec.js" time="0.003">
</testcase>
<testcase name="@QAIA-US-SITE-001-001 @AC5 &quot;/robots.txt&quot; is served" classname="api.site.spec.js" time="0.007">
</testcase>
<testcase name="@QAIA-US-SITE-001-001 @AC5 &quot;/sitemap.xml&quot; is served" classname="api.site.spec.js" time="0.002">
</testcase>
<testcase name="@QAIA-US-SITE-001-002 @AC5 an address never published is not served" classname="api.site.spec.js" time="0.002">
</testcase>
<testcase name="@QAIA-US-SITE-001-003 @AC6 robots.txt points at a sitemap that answers" classname="api.site.spec.js" time="0.005">
</testcase>
<testcase name="@QAIA-US-SITE-001-004 @AC6 the sitemap lists exactly the published entry points" classname="api.site.spec.js" time="0.009">
</testcase>
<testcase name="@QAIA-US-SITE-001-005 @AC5 &quot;/&quot; is served as HTML" classname="api.site.spec.js" time="0.005">
</testcase>
<testcase name="@QAIA-US-SITE-001-005 @AC5 &quot;/compare.html&quot; is served as HTML" classname="api.site.spec.js" time="0.002">
</testcase>
<testcase name="@QAIA-US-SITE-001-005 @AC5 &quot;/walkthrough.html&quot; is served as HTML" classname="api.site.spec.js" time="0.003">
</testcase>
<testcase name="@QAIA-US-SITE-001-006 @AC6 llms.txt is served and is not empty" classname="api.site.spec.js" time="0.002">
</testcase>
<testcase name="@QAIA-US-SITE-001-007 @AC5 the demo is served from the second assembly source" classname="api.site.spec.js" time="0.003">
</testcase>
</testsuite>
<testsuite name="e2e.site.spec.js" timestamp="2026-08-11T07:52:40.475Z" hostname="e2e-desktop" tests="11" failures="0" skipped="0" time="1" errors="0">
<testcase name="@QAIA-US-SITE-001-008 @AC1 @low-confidence the first screen states what goes in and what comes out" classname="e2e.site.spec.js" time="0.126">
</testcase>
<testcase name="@QAIA-US-SITE-001-009 @AC2 &quot;/&quot; discloses the pre-alpha status" classname="e2e.site.spec.js" time="0.095">
</testcase>
<testcase name="@QAIA-US-SITE-001-009 @AC2 &quot;/compare.html&quot; discloses the pre-alpha status" classname="e2e.site.spec.js" time="0.073">
</testcase>
<testcase name="@QAIA-US-SITE-001-009 @AC2 &quot;/walkthrough.html&quot; discloses the pre-alpha status" classname="e2e.site.spec.js" time="0.071">
</testcase>
<testcase name="@QAIA-US-SITE-001-010 @AC3 the install block can be copied as it stands" classname="e2e.site.spec.js" time="0.095">
</testcase>
<testcase name="@QAIA-US-SITE-001-011 @AC4 the proof claim points at the artifact behind it" classname="e2e.site.spec.js" time="0.092">
</testcase>
<testcase name="@QAIA-US-SITE-001-012 @AC5 every in-page navigation anchor has a target" classname="e2e.site.spec.js" time="0.102">
</testcase>
<testcase name="@QAIA-US-SITE-001-013 @AC7 &quot;/&quot; declares its language" classname="e2e.site.spec.js" time="0.089">
</testcase>
<testcase name="@QAIA-US-SITE-001-013 @AC7 &quot;/compare.html&quot; declares its language" classname="e2e.site.spec.js" time="0.071">
</testcase>
<testcase name="@QAIA-US-SITE-001-013 @AC7 &quot;/walkthrough.html&quot; declares its language" classname="e2e.site.spec.js" time="0.072">
</testcase>
<testcase name="@QAIA-US-SITE-001-014 @AC7 the three pages carry three different titles" classname="e2e.site.spec.js" time="0.114">
</testcase>
</testsuite>
</testsuites>